<?xml version="1.0" encoding="UTF-8"?>
<testsuite name="org.zerock.ex1.Ex1ApplicationTests" tests="1" skipped="0" failures="0" errors="0" timestamp="2022-07-05T06:07:50" hostname="Leeui-MacBookPro.local" time="0.228">
  <properties/>
  <testcase name="contextLoads()" classname="org.zerock.ex1.Ex1ApplicationTests" time="0.228"/>
  <system-out><![CDATA[15:07:49.202 [Test worker] DEBUG org.springframework.test.context.BootstrapUtils - Instantiating CacheAwareContextLoaderDelegate from class [org.springframework.test.context.cache.DefaultCacheAwareContextLoaderDelegate]
15:07:49.211 [Test worker] DEBUG org.springframework.test.context.BootstrapUtils - Instantiating BootstrapContext using constructor [public org.springframework.test.context.support.DefaultBootstrapContext(java.lang.Class,org.springframework.test.context.CacheAwareContextLoaderDelegate)]
15:07:49.237 [Test worker] DEBUG org.springframework.test.context.BootstrapUtils - Instantiating TestContextBootstrapper for test class [org.zerock.ex1.Ex1ApplicationTests] from class [org.springframework.boot.test.context.SpringBootTestContextBootstrapper]
15:07:49.244 [Test worker] INFO org.springframework.boot.test.context.SpringBootTestContextBootstrapper - Neither @ContextConfiguration nor @ContextHierarchy found for test class [org.zerock.ex1.Ex1ApplicationTests], using SpringBootContextLoader
15:07:49.247 [Test worker] DEBUG org.springframework.test.context.support.AbstractContextLoader - Did not detect default resource location for test class [org.zerock.ex1.Ex1ApplicationTests]: class path resource [org/zerock/ex1/Ex1ApplicationTests-context.xml] does not exist
15:07:49.247 [Test worker] DEBUG org.springframework.test.context.support.AbstractContextLoader - Did not detect default resource location for test class [org.zerock.ex1.Ex1ApplicationTests]: class path resource [org/zerock/ex1/Ex1ApplicationTestsContext.groovy] does not exist
15:07:49.247 [Test worker] INFO org.springframework.test.context.support.AbstractContextLoader - Could not detect default resource locations for test class [org.zerock.ex1.Ex1ApplicationTests]: no resource found for suffixes {-context.xml, Context.groovy}.
15:07:49.248 [Test worker] INFO org.springframework.test.context.support.AnnotationConfigContextLoaderUtils - Could not detect default configuration classes for test class [org.zerock.ex1.Ex1ApplicationTests]: Ex1ApplicationTests does not declare any static, non-private, non-final, nested classes annotated with @Configuration.
15:07:49.273 [Test worker] DEBUG org.springframework.test.context.support.ActiveProfilesUtils - Could not find an 'annotation declaring class' for annotation type [org.springframework.test.context.ActiveProfiles] and class [org.zerock.ex1.Ex1ApplicationTests]
15:07:49.306 [Test worker] DEBUG org.springframework.context.annotation.ClassPathScanningCandidateComponentProvider - Identified candidate component class: file [/Users/leejongsu/SpringBoot-Web/part01/build/classes/java/main/org/zerock/ex1/Ex1Application.class]
15:07:49.307 [Test worker] INFO org.springframework.boot.test.context.SpringBootTestContextBootstrapper - Found @SpringBootConfiguration org.zerock.ex1.Ex1Application for test class org.zerock.ex1.Ex1ApplicationTests
15:07:49.373 [Test worker] DEBUG org.springframework.boot.test.context.SpringBootTestContextBootstrapper - @TestExecutionListeners is not present for class [org.zerock.ex1.Ex1ApplicationTests]: using defaults.
15:07:49.373 [Test worker] INFO org.springframework.boot.test.context.SpringBootTestContextBootstrapper - Loaded default TestExecutionListener class names from location [META-INF/spring.factories]: [org.springframework.boot.test.autoconfigure.restdocs.RestDocsTestExecutionListener, org.springframework.boot.test.autoconfigure.web.client.MockRestServiceServerResetTestExecutionListener, org.springframework.boot.test.autoconfigure.web.servlet.MockMvcPrintOnlyOnFailureTestExecutionListener, org.springframework.boot.test.autoconfigure.web.servlet.WebDriverTestExecutionListener, org.springframework.boot.test.autoconfigure.webservices.client.MockWebServiceServerTestExecutionListener, org.springframework.boot.test.mock.mockito.MockitoTestExecutionListener, org.springframework.boot.test.mock.mockito.ResetMocksTestExecutionListener, org.springframework.test.context.web.ServletTestExecutionListener, org.springframework.test.context.support.DirtiesContextBeforeModesTestExecutionListener, org.springframework.test.context.event.ApplicationEventsTestExecutionListener, org.springframework.test.context.support.DependencyInjectionTestExecutionListener, org.springframework.test.context.support.DirtiesContextTestExecutionListener, org.springframework.test.context.transaction.TransactionalTestExecutionListener, org.springframework.test.context.jdbc.SqlScriptsTestExecutionListener, org.springframework.test.context.event.EventPublishingTestExecutionListener]
15:07:49.382 [Test worker] DEBUG org.springframework.boot.test.context.SpringBootTestContextBootstrapper - Skipping candidate TestExecutionListener [org.springframework.test.context.transaction.TransactionalTestExecutionListener] due to a missing dependency. Specify custom listener classes or make the default listener classes and their required dependencies available. Offending class: [org/springframework/transaction/TransactionDefinition]
15:07:49.383 [Test worker] DEBUG org.springframework.boot.test.context.SpringBootTestContextBootstrapper - Skipping candidate TestExecutionListener [org.springframework.test.context.jdbc.SqlScriptsTestExecutionListener] due to a missing dependency. Specify custom listener classes or make the default listener classes and their required dependencies available. Offending class: [org/springframework/transaction/interceptor/TransactionAttribute]
15:07:49.383 [Test worker] INFO org.springframework.boot.test.context.SpringBootTestContextBootstrapper - Using TestExecutionListeners: [org.springframework.test.context.web.ServletTestExecutionListener@56b78e55, org.springframework.test.context.support.DirtiesContextBeforeModesTestExecutionListener@76318a7d, org.springframework.test.context.event.ApplicationEventsTestExecutionListener@2a492f2a, org.springframework.boot.test.mock.mockito.MockitoTestExecutionListener@3277e499, org.springframework.boot.test.autoconfigure.SpringBootDependencyInjectionTestExecutionListener@585811a4, org.springframework.test.context.support.DirtiesContextTestExecutionListener@22c01ab0, org.springframework.test.context.event.EventPublishingTestExecutionListener@411341bd, org.springframework.boot.test.autoconfigure.restdocs.RestDocsTestExecutionListener@4c4d362a, org.springframework.boot.test.autoconfigure.web.client.MockRestServiceServerResetTestExecutionListener@5400db36, org.springframework.boot.test.autoconfigure.web.servlet.MockMvcPrintOnlyOnFailureTestExecutionListener@76b74e9c, org.springframework.boot.test.autoconfigure.web.servlet.WebDriverTestExecutionListener@2d72f75e, org.springframework.boot.test.autoconfigure.webservices.client.MockWebServiceServerTestExecutionListener@8ab78bc, org.springframework.boot.test.mock.mockito.ResetMocksTestExecutionListener@5aa0dbf4]
15:07:49.385 [Test worker] DEBUG org.springframework.test.context.support.AbstractDirtiesContextTestExecutionListener - Before test class: context [DefaultTestContext@10027fc9 testClass = Ex1ApplicationTests, testInstance = [null], testMethod = [null], testException = [null], mergedContextConfiguration = [WebMergedContextConfiguration@54afd745 testClass = Ex1ApplicationTests, locations = '{}', classes = '{class org.zerock.ex1.Ex1Application}', contextInitializerClasses = '[]', activeProfiles = '{}', propertySourceLocations = '{}', propertySourceProperties = '{org.springframework.boot.test.context.SpringBootTestContextBootstrapper=true}', contextCustomizers = set[org.springframework.boot.test.autoconfigure.actuate.metrics.MetricsExportContextCustomizerFactory$DisableMetricExportContextCustomizer@2f05be7f, org.springframework.boot.test.autoconfigure.properties.PropertyMappingContextCustomizer@0, org.springframework.boot.test.autoconfigure.web.servlet.WebDriverContextCustomizerFactory$Customizer@5c530d1e, org.springframework.boot.test.context.filter.ExcludeFilterContextCustomizer@bf1ec20, org.springframework.boot.test.json.DuplicateJsonObjectContextCustomizerFactory$DuplicateJsonObjectContextCustomizer@435fb7b5, org.springframework.boot.test.mock.mockito.MockitoContextCustomizer@0, org.springframework.boot.test.web.client.TestRestTemplateContextCustomizer@7096b474, org.springframework.boot.test.context.SpringBootTestArgs@1, org.springframework.boot.test.context.SpringBootTestWebEnvironment@46d59067], resourceBasePath = 'src/main/webapp', contextLoader = 'org.springframework.boot.test.context.SpringBootContextLoader', parent = [null]], attributes = map['org.springframework.test.context.web.ServletTestExecutionListener.activateListener' -> true]], class annotated with @DirtiesContext [false] with mode [null].

  .   ____          _            __ _ _
 /\\ / ___'_ __ _ _(_)_ __  __ _ \ \ \ \
( ( )\___ | '_ | '_| | '_ \/ _` | \ \ \ \
 \\/  ___)| |_)| | | | | || (_| |  ) ) ) )
  '  |____| .__|_| |_|_| |_\__, | / / / /
 =========|_|==============|___/=/_/_/_/
 :: Spring Boot ::                (v2.7.1)

2022-07-05 15:07:49.607  INFO 6679 --- [    Test worker] org.zerock.ex1.Ex1ApplicationTests       : Starting Ex1ApplicationTests using Java 11.0.11 on Leeui-MacBookPro.local with PID 6679 (started by leejongsu in /Users/leejongsu/SpringBoot-Web/part01)
2022-07-05 15:07:49.608  INFO 6679 --- [    Test worker] org.zerock.ex1.Ex1ApplicationTests       : No active profile set, falling back to 1 default profile: "default"
2022-07-05 15:07:50.541  INFO 6679 --- [    Test worker] org.zerock.ex1.Ex1ApplicationTests       : Started Ex1ApplicationTests in 1.121 seconds (JVM running for 1.914)
contextLoads...
]]></system-out>
  <system-err><![CDATA[]]></system-err>
</testsuite>
